<?xml version="1.0" encoding="UTF-8" ?>
<testsuite errors="0" failures="0" hostname="Nguyens-MacBook-Pro-2.local" name="racetrack.RegistrationTests" tests="1" time="0.0030" timestamp="2012-09-19T03:08:36">
  <properties />
  <testcase classname="racetrack.RegistrationTests" name="testSomething" time="0.0030" />
  <system-out><![CDATA[--Output from testSomething--
]]></system-out>
  <system-err><![CDATA[--Output from testSomething--
]]></system-err>
</testsuite>
